0 info it worked if it ends with ok
1 verbose cli [ '/opt/nodejs/bin/node', '/opt/nodejs/bin/npm', 'start' ]
2 info using npm@3.8.6
3 info using node@v6.0.0
4 verbose stack Error: Failed to parse json
4 verbose stack Unexpected token 'n' at 8:14
4 verbose stack     "start": node notification.js
4 verbose stack              ^
4 verbose stack     at parseError (/opt/nodejs/lib/node_modules/npm/node_modules/read-package-json/read-json.js:379:11)
4 verbose stack     at parseJson (/opt/nodejs/lib/node_modules/npm/node_modules/read-package-json/read-json.js:68:23)
4 verbose stack     at /opt/nodejs/lib/node_modules/npm/node_modules/read-package-json/read-json.js:48:5
4 verbose stack     at /opt/nodejs/lib/node_modules/npm/node_modules/graceful-fs/graceful-fs.js:78:16
4 verbose stack     at tryToString (fs.js:449:3)
4 verbose stack     at FSReqWrap.readFileAfterClose [as oncomplete] (fs.js:436:12)
5 verbose cwd /home/uqutub/Documents/Docx/progressiveWebApp/pwa-todoApp/server
6 error Linux 4.4.0-22-generic
7 error argv "/opt/nodejs/bin/node" "/opt/nodejs/bin/npm" "start"
8 error node v6.0.0
9 error npm  v3.8.6
10 error file /home/uqutub/Documents/Docx/progressiveWebApp/pwa-todoApp/server/package.json
11 error code EJSONPARSE
12 error Failed to parse json
12 error Unexpected token 'n' at 8:14
12 error     "start": node notification.js
12 error              ^
13 error File: /home/uqutub/Documents/Docx/progressiveWebApp/pwa-todoApp/server/package.json
14 error Failed to parse package.json data.
14 error package.json must be actual JSON, not just JavaScript.
14 error
14 error This is not a bug in npm.
14 error Tell the package author to fix their package.json file. JSON.parse
15 verbose exit [ 1, true ]
